Information: Propagating switching activity (low effort zero delay simulation). (PWR-6)
Warning: Design has unannotated primary inputs. (PWR-414)
Warning: Design has unannotated sequential cell outputs. (PWR-415)
 
****************************************
Report : power
        -analysis_effort low
Design : computer
Version: K-2015.06-SP5
Date   : Thu Apr 27 18:17:27 2023
****************************************


Library(s) Used:

    tcb018gbwp7ttc (File: /srv/cad/designkits/tsmc/tsmc180/TSMCHOME/digital/Front_End/timing_power_noise/NLDM/tcb018gbwp7t_270a/tcb018gbwp7ttc.db)
    tpz018nvtc (File: /srv/cad/designkits/tsmc/tsmc180/TSMCHOME/digital/Front_End/timing_power_noise/NLDM/tpz018nv_280b/tpz018nvtc.db)


Operating Conditions: NCCOM   Library: tpz018nvtc
Wire Load Model Mode: segmented

Design        Wire Load Model            Library
------------------------------------------------
computer               TSMC64K_Conservative
                                         tpz018nvtc
comp_core_test_1       TSMC64K_Conservative
                                         tpz018nvtc
arm_soc_test_1         TSMC64K_Conservative
                                         tpz018nvtc
CORTEXM0DS_test_1      TSMC16K_Conservative
                                         tpz018nvtc
ahb_interconnect_test_1
                       TSMC8K_Conservative
                                         tpz018nvtc
ahb_rom_test_1         TSMC16K_Conservative
                                         tpz018nvtc
ahb_ram_test_1         TSMC16K_Conservative
                                         tpz018nvtc
ahb_out_led_test_1     TSMC8K_Conservative
                                         tpz018nvtc
ahb_sensor_test_1      TSMC8K_Conservative
                                         tpz018nvtc
ahb_button_test_1      TSMC8K_Conservative
                                         tpz018nvtc
cortexm0ds_logic_test_1
                       TSMC16K_Conservative
                                         tpz018nvtc
ahb_sensor_DW01_inc_0  TSMC8K_Conservative
                                         tpz018nvtc
ahb_sensor_DW01_inc_1  TSMC8K_Conservative
                                         tpz018nvtc
ahb_sensor_DW01_inc_2  TSMC8K_Conservative
                                         tpz018nvtc
ahb_sensor_DW01_inc_3  TSMC8K_Conservative
                                         tpz018nvtc
ahb_sensor_DW01_inc_4  TSMC8K_Conservative
                                         tpz018nvtc
ahb_sensor_DW01_add_0  TSMC8K_Conservative
                                         tpz018nvtc
ahb_sensor_DW01_inc_5  TSMC8K_Conservative
                                         tpz018nvtc
ahb_button_DW01_inc_0  TSMC8K_Conservative
                                         tpz018nvtc
ahb_button_DW01_inc_1  TSMC8K_Conservative
                                         tpz018nvtc
ahb_button_DW01_inc_2  TSMC8K_Conservative
                                         tpz018nvtc
cortexm0ds_logic_DW01_inc_0
                       TSMC8K_Conservative
                                         tpz018nvtc
cortexm0ds_logic_DW01_inc_1
                       TSMC8K_Conservative
                                         tpz018nvtc
cortexm0ds_logic_DW01_dec_1
                       TSMC8K_Conservative
                                         tpz018nvtc
cortexm0ds_logic_DW01_add_1
                       TSMC8K_Conservative
                                         tpz018nvtc
cortexm0ds_logic_DW01_add_0
                       TSMC8K_Conservative
                                         tpz018nvtc


Global Operating Voltage = 3.3  
Power-specific unit information :
    Voltage Units = 1V
    Capacitance Units = 1.000000pf
    Time Units = 1ns
    Dynamic Power Units = 1mW    (derived from V,C,T units)
    Leakage Power Units = 1nW


  Cell Internal Power  =  64.7198 uW   (36%)
  Net Switching Power  = 116.3676 uW   (64%)
                         ---------
Total Dynamic Power    = 181.0874 uW  (100%)

Cell Leakage Power     =   1.5874 uW


                 Internal         Switching           Leakage            Total
Power Group      Power            Power               Power              Power   (   %    )  Attrs
--------------------------------------------------------------------------------------------------
io_pad         4.5379e-02            0.1068           41.2075            0.1523  (  83.35%)
memory             0.0000            0.0000            0.0000            0.0000  (   0.00%)
black_box          0.0000            0.0000            0.0000            0.0000  (   0.00%)
clock_network      0.0000            0.0000            0.0000            0.0000  (   0.00%)
register       1.7330e-02        1.1028e-03          736.0866        1.9168e-02  (  10.49%)
sequential         0.0000            0.0000            0.0000            0.0000  (   0.00%)
combinational  2.0110e-03        8.4309e-03          810.1475        1.1252e-02  (   6.16%)
--------------------------------------------------------------------------------------------------
Total          6.4720e-02 mW         0.1164 mW     1.5874e+03 nW         0.1827 mW
1
